<?xml version="1.0" encoding="UTF-8"?>
<!-- Generated by org.testng.reporters.JUnitXMLReporter -->
<testsuite hostname="DESKTOP-RS60F1V" ignored="1" name="Default test(failed)" tests="4" failures="4" timestamp="20 Jul 2017 00:50:25 GMT" time="0.073" errors="0">
  <testcase name="Mail" time="0.025" classname="friendly.DriveUpload">
    <failure type="java.lang.NullPointerException">
      <![CDATA[java.lang.NullPointerException
	at friendly.DriveUpload.Mail(DriveUpload.java:30)
... Removed 25 stack frames]]>
    </failure>
  </testcase> <!-- Mail -->
  <testcase name="Password" time="0.002" classname="friendly.DriveUpload">
    <failure type="java.lang.NullPointerException">
      <![CDATA[java.lang.NullPointerException
	at friendly.DriveUpload.Password(DriveUpload.java:38)
... Removed 25 stack frames]]>
    </failure>
  </testcase> <!-- Password -->
  <testcase name="Click" time="0.001" classname="friendly.DriveUpload">
    <failure type="java.lang.NullPointerException">
      <![CDATA[java.lang.NullPointerException
	at friendly.DriveUpload.Click(DriveUpload.java:45)
... Removed 25 stack frames]]>
    </failure>
  </testcase> <!-- Click -->
  <testcase name="Close" time="0.002" classname="friendly.DriveUpload">
    <failure type="java.lang.NullPointerException">
      <![CDATA[java.lang.NullPointerException
	at friendly.DriveUpload.Close(DriveUpload.java:67)
... Removed 25 stack frames]]>
    </failure>
  </testcase> <!-- Close -->
  <testcase name="UploadFile" time="0.0" classname="friendly.DriveUpload">
    <ignored/>
  </testcase> <!-- UploadFile -->
</testsuite> <!-- Default test(failed) -->
